Performing C SOURCE FILE Test CMAKE_HAVE_LIBC_PTHREAD failed with the following output:
Change Dir: /home/grail/siqi/fruit_packaging_project/fruit_packaging_zed/catkin_ws/src/igus_fruit_packaging/build/CMakeFiles/CMakeTmp

Run Build Command(s):/usr/bin/make -f Makefile cmTC_e8000/fast && /usr/bin/make  -f CMakeFiles/cmTC_e8000.dir/build.make CMakeFiles/cmTC_e8000.dir/build
make[1]: Entering directory '/home/grail/siqi/fruit_packaging_project/fruit_packaging_zed/catkin_ws/src/igus_fruit_packaging/build/CMakeFiles/CMakeTmp'
Building C object CMakeFiles/cmTC_e8000.dir/src.c.o
/usr/bin/cc -DCMAKE_HAVE_LIBC_PTHREAD   -o CMakeFiles/cmTC_e8000.dir/src.c.o -c /home/grail/siqi/fruit_packaging_project/fruit_packaging_zed/catkin_ws/src/igus_fruit_packaging/build/CMakeFiles/CMakeTmp/src.c
Linking C executable cmTC_e8000
/usr/local/bin/cmake -E cmake_link_script CMakeFiles/cmTC_e8000.dir/link.txt --verbose=1
/usr/bin/cc -rdynamic CMakeFiles/cmTC_e8000.dir/src.c.o -o cmTC_e8000 
/usr/bin/ld: CMakeFiles/cmTC_e8000.dir/src.c.o: in function `main':
src.c:(.text+0x46): undefined reference to `pthread_create'
/usr/bin/ld: src.c:(.text+0x52): undefined reference to `pthread_detach'
/usr/bin/ld: src.c:(.text+0x5e): undefined reference to `pthread_cancel'
/usr/bin/ld: src.c:(.text+0x6f): undefined reference to `pthread_join'
collect2: error: ld returned 1 exit status
make[1]: *** [CMakeFiles/cmTC_e8000.dir/build.make:99: cmTC_e8000] Error 1
make[1]: Leaving directory '/home/grail/siqi/fruit_packaging_project/fruit_packaging_zed/catkin_ws/src/igus_fruit_packaging/build/CMakeFiles/CMakeTmp'
make: *** [Makefile:127: cmTC_e8000/fast] Error 2


Source file was:
#include <pthread.h>

static void* test_func(void* data)
{
  return data;
}

int main(void)
{
  pthread_t thread;
  pthread_create(&thread, NULL, test_func, NULL);
  pthread_detach(thread);
  pthread_cancel(thread);
  pthread_join(thread, NULL);
  pthread_atfork(NULL, NULL, NULL);
  pthread_exit(NULL);

  return 0;
}

Determining if the function pthread_create exists in the pthreads failed with the following output:
Change Dir: /home/grail/siqi/fruit_packaging_project/fruit_packaging_zed/catkin_ws/src/igus_fruit_packaging/build/CMakeFiles/CMakeTmp

Run Build Command(s):/usr/bin/make -f Makefile cmTC_53acb/fast && /usr/bin/make  -f CMakeFiles/cmTC_53acb.dir/build.make CMakeFiles/cmTC_53acb.dir/build
make[1]: Entering directory '/home/grail/siqi/fruit_packaging_project/fruit_packaging_zed/catkin_ws/src/igus_fruit_packaging/build/CMakeFiles/CMakeTmp'
Building C object CMakeFiles/cmTC_53acb.dir/CheckFunctionExists.c.o
/usr/bin/cc   -DCHECK_FUNCTION_EXISTS=pthread_create -o CMakeFiles/cmTC_53acb.dir/CheckFunctionExists.c.o -c /usr/local/share/cmake-3.23/Modules/CheckFunctionExists.c
Linking C executable cmTC_53acb
/usr/local/bin/cmake -E cmake_link_script CMakeFiles/cmTC_53acb.dir/link.txt --verbose=1
/usr/bin/cc  -DCHECK_FUNCTION_EXISTS=pthread_create -rdynamic CMakeFiles/cmTC_53acb.dir/CheckFunctionExists.c.o -o cmTC_53acb  -lpthreads 
/usr/bin/ld: cannot find -lpthreads
collect2: error: ld returned 1 exit status
make[1]: *** [CMakeFiles/cmTC_53acb.dir/build.make:99: cmTC_53acb] Error 1
make[1]: Leaving directory '/home/grail/siqi/fruit_packaging_project/fruit_packaging_zed/catkin_ws/src/igus_fruit_packaging/build/CMakeFiles/CMakeTmp'
make: *** [Makefile:127: cmTC_53acb/fast] Error 2



Performing C SOURCE FILE Test CMAKE_HAVE_LIBC_PTHREAD failed with the following output:
Change Dir: /home/grail/siqi/fruit_packaging_project/fruit_packaging_zed/catkin_ws/src/igus_fruit_packaging/build/CMakeFiles/CMakeTmp

Run Build Command(s):/usr/bin/make -f Makefile cmTC_78176/fast && /usr/bin/make  -f CMakeFiles/cmTC_78176.dir/build.make CMakeFiles/cmTC_78176.dir/build
make[1]: Entering directory '/home/grail/siqi/fruit_packaging_project/fruit_packaging_zed/catkin_ws/src/igus_fruit_packaging/build/CMakeFiles/CMakeTmp'
Building C object CMakeFiles/cmTC_78176.dir/src.c.o
/usr/bin/cc -DCMAKE_HAVE_LIBC_PTHREAD   -o CMakeFiles/cmTC_78176.dir/src.c.o -c /home/grail/siqi/fruit_packaging_project/fruit_packaging_zed/catkin_ws/src/igus_fruit_packaging/build/CMakeFiles/CMakeTmp/src.c
Linking C executable cmTC_78176
/usr/local/bin/cmake -E cmake_link_script CMakeFiles/cmTC_78176.dir/link.txt --verbose=1
/usr/bin/cc -rdynamic CMakeFiles/cmTC_78176.dir/src.c.o -o cmTC_78176 
/usr/bin/ld: CMakeFiles/cmTC_78176.dir/src.c.o: in function `main':
src.c:(.text+0x46): undefined reference to `pthread_create'
/usr/bin/ld: src.c:(.text+0x52): undefined reference to `pthread_detach'
/usr/bin/ld: src.c:(.text+0x5e): undefined reference to `pthread_cancel'
/usr/bin/ld: src.c:(.text+0x6f): undefined reference to `pthread_join'
collect2: error: ld returned 1 exit status
make[1]: *** [CMakeFiles/cmTC_78176.dir/build.make:99: cmTC_78176] Error 1
make[1]: Leaving directory '/home/grail/siqi/fruit_packaging_project/fruit_packaging_zed/catkin_ws/src/igus_fruit_packaging/build/CMakeFiles/CMakeTmp'
make: *** [Makefile:127: cmTC_78176/fast] Error 2


Source file was:
#include <pthread.h>

static void* test_func(void* data)
{
  return data;
}

int main(void)
{
  pthread_t thread;
  pthread_create(&thread, NULL, test_func, NULL);
  pthread_detach(thread);
  pthread_cancel(thread);
  pthread_join(thread, NULL);
  pthread_atfork(NULL, NULL, NULL);
  pthread_exit(NULL);

  return 0;
}

Determining if the function pthread_create exists in the pthreads failed with the following output:
Change Dir: /home/grail/siqi/fruit_packaging_project/fruit_packaging_zed/catkin_ws/src/igus_fruit_packaging/build/CMakeFiles/CMakeTmp

Run Build Command(s):/usr/bin/make -f Makefile cmTC_6e51b/fast && /usr/bin/make  -f CMakeFiles/cmTC_6e51b.dir/build.make CMakeFiles/cmTC_6e51b.dir/build
make[1]: Entering directory '/home/grail/siqi/fruit_packaging_project/fruit_packaging_zed/catkin_ws/src/igus_fruit_packaging/build/CMakeFiles/CMakeTmp'
Building C object CMakeFiles/cmTC_6e51b.dir/CheckFunctionExists.c.o
/usr/bin/cc   -DCHECK_FUNCTION_EXISTS=pthread_create -o CMakeFiles/cmTC_6e51b.dir/CheckFunctionExists.c.o -c /usr/local/share/cmake-3.23/Modules/CheckFunctionExists.c
Linking C executable cmTC_6e51b
/usr/local/bin/cmake -E cmake_link_script CMakeFiles/cmTC_6e51b.dir/link.txt --verbose=1
/usr/bin/cc  -DCHECK_FUNCTION_EXISTS=pthread_create -rdynamic CMakeFiles/cmTC_6e51b.dir/CheckFunctionExists.c.o -o cmTC_6e51b  -lpthreads 
/usr/bin/ld: cannot find -lpthreads
collect2: error: ld returned 1 exit status
make[1]: *** [CMakeFiles/cmTC_6e51b.dir/build.make:99: cmTC_6e51b] Error 1
make[1]: Leaving directory '/home/grail/siqi/fruit_packaging_project/fruit_packaging_zed/catkin_ws/src/igus_fruit_packaging/build/CMakeFiles/CMakeTmp'
make: *** [Makefile:127: cmTC_6e51b/fast] Error 2



